---------------------
now is 16shot traing.
now the 16shot traing is done.
---------------------
---------------------
now is 8shot traing.
now the 8shot traing is done.
---------------------
---------------------
now is 4shot traing.
now the 4shot traing is done.
---------------------
---------------------
now is 2shot traing.
now the 2shot traing is done.
---------------------
---------------------
now is 1shot traing.
now the 1shot traing is done.
---------------------
---------------------
Parsing results...
---------------------
---------------------
now is 16shot parsing.
* accuracy: 88.80% +- 0.51%
now the 16shot parsing is done.
---------------------
---------------------
now is 8shot parsing.
* accuracy: 85.33% +- 1.68%
now the 8shot parsing is done.
---------------------
---------------------
now is 4shot parsing.
* accuracy: 79.70% +- 1.79%
now the 4shot parsing is done.
---------------------
---------------------
now is 2shot parsing.
* accuracy: 73.70% +- 2.24%
now the 2shot parsing is done.
---------------------
---------------------
now is 1shot parsing.
* accuracy: 67.55% +- 1.55%
now the 1shot parsing is done.
---------------------
All done!
