---------------------
now is 16shot traing.
now the 16shot traing is done.
---------------------
---------------------
now is 8shot traing.
now the 8shot traing is done.
---------------------
---------------------
now is 4shot traing.
now the 4shot traing is done.
---------------------
---------------------
now is 2shot traing.
now the 2shot traing is done.
---------------------
---------------------
now is 1shot traing.
now the 1shot traing is done.
---------------------
---------------------
Parsing results...
---------------------
---------------------
now is 16shot parsing.
* accuracy: 85.53% +- 0.39%
now the 16shot parsing is done.
---------------------
---------------------
now is 8shot parsing.
* accuracy: 80.03% +- 0.54%
now the 8shot parsing is done.
---------------------
---------------------
now is 4shot parsing.
* accuracy: 73.63% +- 0.71%
now the 4shot parsing is done.
---------------------
---------------------
now is 2shot parsing.
* accuracy: 68.70% +- 1.99%
now the 2shot parsing is done.
---------------------
---------------------
now is 1shot parsing.
* accuracy: 65.87% +- 0.86%
now the 1shot parsing is done.
---------------------
All done!
