---------------------
now is 16shot traing.
now the 16shot traing is done.
---------------------
---------------------
now is 8shot traing.
now the 8shot traing is done.
---------------------
---------------------
now is 4shot traing.
now the 4shot traing is done.
---------------------
---------------------
now is 2shot traing.
now the 2shot traing is done.
---------------------
---------------------
now is 1shot traing.
now the 1shot traing is done.
---------------------
---------------------
Parsing results...
---------------------
---------------------
now is 16shot parsing.
* accuracy: 83.77% +- 0.34%
now the 16shot parsing is done.
---------------------
---------------------
now is 8shot parsing.
* accuracy: 80.03% +- 0.34%
now the 8shot parsing is done.
---------------------
---------------------
now is 4shot parsing.
* accuracy: 76.50% +- 0.99%
now the 4shot parsing is done.
---------------------
---------------------
now is 2shot parsing.
* accuracy: 74.40% +- 1.10%
now the 2shot parsing is done.
---------------------
---------------------
now is 1shot parsing.
* accuracy: 67.23% +- 1.67%
now the 1shot parsing is done.
---------------------
All done!
