---------------------
now is 16shot traing.
now the 16shot traing is done.
---------------------
---------------------
now is 8shot traing.
now the 8shot traing is done.
---------------------
---------------------
now is 4shot traing.
now the 4shot traing is done.
---------------------
---------------------
now is 2shot traing.
now the 2shot traing is done.
---------------------
---------------------
now is 1shot traing.
now the 1shot traing is done.
---------------------
---------------------
Parsing results...
---------------------
---------------------
now is 16shot parsing.
* accuracy: 81.80% +- 0.86%
now the 16shot parsing is done.
---------------------
---------------------
now is 8shot parsing.
* accuracy: 77.93% +- 0.97%
now the 8shot parsing is done.
---------------------
---------------------
now is 4shot parsing.
* accuracy: 74.90% +- 0.73%
now the 4shot parsing is done.
---------------------
---------------------
now is 2shot parsing.
* accuracy: 69.33% +- 0.83%
now the 2shot parsing is done.
---------------------
---------------------
now is 1shot parsing.
* accuracy: 66.47% +- 0.33%
now the 1shot parsing is done.
---------------------
All done!
