---------------------
now is 16shot traing.
now the 16shot traing is done.
---------------------
---------------------
now is 8shot traing.
now the 8shot traing is done.
---------------------
---------------------
now is 4shot traing.
now the 4shot traing is done.
---------------------
---------------------
now is 2shot traing.
now the 2shot traing is done.
---------------------
---------------------
now is 1shot traing.
now the 1shot traing is done.
---------------------
---------------------
Parsing results...
---------------------
---------------------
now is 16shot parsing.
* accuracy: 82.83% +- 4.08%
now the 16shot parsing is done.
---------------------
---------------------
now is 8shot parsing.
* accuracy: 78.80% +- 5.32%
now the 8shot parsing is done.
---------------------
---------------------
now is 4shot parsing.
* accuracy: 61.40% +- 1.90%
now the 4shot parsing is done.
---------------------
---------------------
now is 2shot parsing.
* accuracy: 53.30% +- 3.48%
now the 2shot parsing is done.
---------------------
---------------------
now is 1shot parsing.
* accuracy: 42.87% +- 14.34%
now the 1shot parsing is done.
---------------------
All done!
