---------------------
now is 16shot traing.
now the 16shot traing is done.
---------------------
---------------------
now is 8shot traing.
now the 8shot traing is done.
---------------------
---------------------
now is 4shot traing.
now the 4shot traing is done.
---------------------
---------------------
now is 2shot traing.
now the 2shot traing is done.
---------------------
---------------------
now is 1shot traing.
now the 1shot traing is done.
---------------------
---------------------
Parsing results...
---------------------
---------------------
now is 16shot parsing.
* accuracy: 95.70% +- 1.06%
now the 16shot parsing is done.
---------------------
---------------------
now is 8shot parsing.
* accuracy: 95.13% +- 0.84%
now the 8shot parsing is done.
---------------------
---------------------
now is 4shot parsing.
* accuracy: 92.40% +- 0.96%
now the 4shot parsing is done.
---------------------
---------------------
now is 2shot parsing.
* accuracy: 91.20% +- 1.76%
now the 2shot parsing is done.
---------------------
---------------------
now is 1shot parsing.
* accuracy: 89.83% +- 0.19%
now the 1shot parsing is done.
---------------------
All done!
